<?xml version="1.0" encoding="UTF-8"?>
<!-- Generated by org.testng.reporters.JUnitReportReporter -->
<testsuite skipped="0" hostname="DESKTOP-CNR4ED0" name="registrationCheck.CheckRegistrationDetails" tests="1" failures="0" timestamp="2020-11-03T12:10:48 GMT" time="3.998" errors="0">
  <testcase name="CheckRegDetails" time="3.998" classname="registrationCheck.CheckRegistrationDetails"/>
  <system-out/>
</testsuite> <!-- registrationCheck.CheckRegistrationDetails -->
